# Logfile created on 2014-03-20 17:09:44 +0000 by logger.rb/44203
I, [2014-03-20T17:09:44.642285 #15976]  INFO -- : 0:  rack (1.5.2) from /Users/karolis/.rvm/gems/ruby-2.1.0/specifications/rack-1.5.2.gemspec
I, [2014-03-20T17:09:44.644832 #15976]  INFO -- : 0:  rack-protection (1.5.2) from /Users/karolis/.rvm/gems/ruby-2.1.0/specifications/rack-protection-1.5.2.gemspec
I, [2014-03-20T17:09:44.645377 #15976]  INFO -- : 0:  shotgun (0.9) from /Users/karolis/.rvm/gems/ruby-2.1.0/specifications/shotgun-0.9.gemspec
I, [2014-03-20T17:09:44.645759 #15976]  INFO -- : 0:  tilt (1.4.1) from /Users/karolis/.rvm/gems/ruby-2.1.0/specifications/tilt-1.4.1.gemspec
I, [2014-03-20T17:09:44.646131 #15976]  INFO -- : 0:  sinatra (1.4.4) from /Users/karolis/.rvm/gems/ruby-2.1.0/specifications/sinatra-1.4.4.gemspec
I, [2014-03-20T17:09:44.646496 #15976]  INFO -- : 0:  bundler (1.5.1) from /Users/karolis/.rvm/gems/ruby-2.1.0@global/specifications/bundler-1.5.1.gemspec
I, [2014-03-20T19:04:35.067743 #16826]  INFO -- : 0:  columnize (0.3.6) from /Users/karolis/.rvm/gems/ruby-2.1.0/specifications/columnize-0.3.6.gemspec
I, [2014-03-20T19:04:37.721560 #16826]  INFO -- : 0:  debugger-linecache (1.2.0) from /Users/karolis/.rvm/gems/ruby-2.1.0/specifications/debugger-linecache-1.2.0.gemspec
I, [2014-03-20T19:04:41.943411 #16826]  INFO -- : 0:  debugger-ruby_core_source (1.3.2) from /Users/karolis/.rvm/gems/ruby-2.1.0/specifications/debugger-ruby_core_source-1.3.2.gemspec
I, [2014-03-20T19:04:59.358535 #16826]  INFO -- : 0:  debugger (1.6.6) from /Users/karolis/.rvm/gems/ruby-2.1.0/specifications/debugger-1.6.6.gemspec
I, [2014-03-20T19:04:59.359367 #16826]  INFO -- : 0:  rack (1.5.2) from /Users/karolis/.rvm/gems/ruby-2.1.0/specifications/rack-1.5.2.gemspec
I, [2014-03-20T19:04:59.360092 #16826]  INFO -- : 0:  rack-protection (1.5.2) from /Users/karolis/.rvm/gems/ruby-2.1.0/specifications/rack-protection-1.5.2.gemspec
I, [2014-03-20T19:04:59.360593 #16826]  INFO -- : 0:  shotgun (0.9) from /Users/karolis/.rvm/gems/ruby-2.1.0/specifications/shotgun-0.9.gemspec
I, [2014-03-20T19:04:59.361128 #16826]  INFO -- : 0:  tilt (1.4.1) from /Users/karolis/.rvm/gems/ruby-2.1.0/specifications/tilt-1.4.1.gemspec
I, [2014-03-20T19:04:59.361686 #16826]  INFO -- : 0:  sinatra (1.4.4) from /Users/karolis/.rvm/gems/ruby-2.1.0/specifications/sinatra-1.4.4.gemspec
I, [2014-03-20T19:04:59.362106 #16826]  INFO -- : 0:  bundler (1.5.1) from /Users/karolis/.rvm/gems/ruby-2.1.0@global/specifications/bundler-1.5.1.gemspec
I, [2014-03-20T19:12:11.322631 #16951]  INFO -- : 0:  rack (1.5.2) from /Users/karolis/.rvm/gems/ruby-2.1.0/specifications/rack-1.5.2.gemspec
I, [2014-03-20T19:12:11.323316 #16951]  INFO -- : 0:  rack-protection (1.5.2) from /Users/karolis/.rvm/gems/ruby-2.1.0/specifications/rack-protection-1.5.2.gemspec
I, [2014-03-20T19:12:11.323742 #16951]  INFO -- : 0:  shotgun (0.9) from /Users/karolis/.rvm/gems/ruby-2.1.0/specifications/shotgun-0.9.gemspec
I, [2014-03-20T19:12:11.324115 #16951]  INFO -- : 0:  tilt (1.4.1) from /Users/karolis/.rvm/gems/ruby-2.1.0/specifications/tilt-1.4.1.gemspec
I, [2014-03-20T19:12:11.324462 #16951]  INFO -- : 0:  sinatra (1.4.4) from /Users/karolis/.rvm/gems/ruby-2.1.0/specifications/sinatra-1.4.4.gemspec
I, [2014-03-20T19:12:11.324845 #16951]  INFO -- : 0:  bundler (1.5.1) from /Users/karolis/.rvm/gems/ruby-2.1.0@global/specifications/bundler-1.5.1.gemspec
I, [2014-03-20T19:42:06.794473 #17152]  INFO -- : 0:  rack (1.5.2) from /Users/karolis/.rvm/gems/ruby-2.1.0/specifications/rack-1.5.2.gemspec
I, [2014-03-20T19:42:06.795010 #17152]  INFO -- : 0:  rack-protection (1.5.2) from /Users/karolis/.rvm/gems/ruby-2.1.0/specifications/rack-protection-1.5.2.gemspec
I, [2014-03-20T19:42:06.795386 #17152]  INFO -- : 0:  shotgun (0.9) from /Users/karolis/.rvm/gems/ruby-2.1.0/specifications/shotgun-0.9.gemspec
I, [2014-03-20T19:42:06.795756 #17152]  INFO -- : 0:  tilt (1.4.1) from /Users/karolis/.rvm/gems/ruby-2.1.0/specifications/tilt-1.4.1.gemspec
I, [2014-03-20T19:42:06.796113 #17152]  INFO -- : 0:  sinatra (1.4.4) from /Users/karolis/.rvm/gems/ruby-2.1.0/specifications/sinatra-1.4.4.gemspec
I, [2014-03-20T19:42:09.395702 #17152]  INFO -- : 0:  sinatra-partial (0.4.0) from /Users/karolis/.rvm/gems/ruby-2.1.0/specifications/sinatra-partial-0.4.0.gemspec
I, [2014-03-20T19:42:09.396355 #17152]  INFO -- : 0:  bundler (1.5.1) from /Users/karolis/.rvm/gems/ruby-2.1.0@global/specifications/bundler-1.5.1.gemspec
I, [2014-03-20T20:03:27.620942 #17302]  INFO -- : 0:  rack (1.5.2) from /Users/karolis/.rvm/gems/ruby-2.1.0/specifications/rack-1.5.2.gemspec
I, [2014-03-20T20:03:29.805787 #17302]  INFO -- : 0:  rack-flash3 (1.0.5) from /Users/karolis/.rvm/gems/ruby-2.1.0/specifications/rack-flash3-1.0.5.gemspec
I, [2014-03-20T20:03:29.806510 #17302]  INFO -- : 0:  rack-protection (1.5.2) from /Users/karolis/.rvm/gems/ruby-2.1.0/specifications/rack-protection-1.5.2.gemspec
I, [2014-03-20T20:03:29.806910 #17302]  INFO -- : 0:  shotgun (0.9) from /Users/karolis/.rvm/gems/ruby-2.1.0/specifications/shotgun-0.9.gemspec
I, [2014-03-20T20:03:29.807307 #17302]  INFO -- : 0:  tilt (1.4.1) from /Users/karolis/.rvm/gems/ruby-2.1.0/specifications/tilt-1.4.1.gemspec
I, [2014-03-20T20:03:29.807670 #17302]  INFO -- : 0:  sinatra (1.4.4) from /Users/karolis/.rvm/gems/ruby-2.1.0/specifications/sinatra-1.4.4.gemspec
I, [2014-03-20T20:03:29.808050 #17302]  INFO -- : 0:  sinatra-partial (0.4.0) from /Users/karolis/.rvm/gems/ruby-2.1.0/specifications/sinatra-partial-0.4.0.gemspec
I, [2014-03-20T20:03:29.808394 #17302]  INFO -- : 0:  bundler (1.5.1) from /Users/karolis/.rvm/gems/ruby-2.1.0@global/specifications/bundler-1.5.1.gemspec
I, [2014-03-21T13:36:56.599092 #19631]  INFO -- : 0:  newrelic_rpm (3.7.3.204) from /Users/karolis/.rvm/gems/ruby-2.1.0/specifications/newrelic_rpm-3.7.3.204.gemspec
I, [2014-03-21T13:36:56.677481 #19631]  INFO -- : 0:  rack (1.5.2) from /Users/karolis/.rvm/gems/ruby-2.1.0/specifications/rack-1.5.2.gemspec
I, [2014-03-21T13:36:56.679642 #19631]  INFO -- : 0:  rack-flash3 (1.0.5) from /Users/karolis/.rvm/gems/ruby-2.1.0/specifications/rack-flash3-1.0.5.gemspec
I, [2014-03-21T13:36:56.681422 #19631]  INFO -- : 0:  rack-protection (1.5.2) from /Users/karolis/.rvm/gems/ruby-2.1.0/specifications/rack-protection-1.5.2.gemspec
I, [2014-03-21T13:36:56.682389 #19631]  INFO -- : 0:  shotgun (0.9) from /Users/karolis/.rvm/gems/ruby-2.1.0/specifications/shotgun-0.9.gemspec
I, [2014-03-21T13:36:56.682879 #19631]  INFO -- : 0:  tilt (1.4.1) from /Users/karolis/.rvm/gems/ruby-2.1.0/specifications/tilt-1.4.1.gemspec
I, [2014-03-21T13:36:56.683304 #19631]  INFO -- : 0:  sinatra (1.4.4) from /Users/karolis/.rvm/gems/ruby-2.1.0/specifications/sinatra-1.4.4.gemspec
I, [2014-03-21T13:36:56.683729 #19631]  INFO -- : 0:  sinatra-partial (0.4.0) from /Users/karolis/.rvm/gems/ruby-2.1.0/specifications/sinatra-partial-0.4.0.gemspec
I, [2014-03-21T13:36:56.684206 #19631]  INFO -- : 0:  bundler (1.5.1) from /Users/karolis/.rvm/gems/ruby-2.1.0@global/specifications/bundler-1.5.1.gemspec
